<?xml version="1.0" encoding="UTF-8"?>
<!-- Generated by org.testng.reporters.JUnitXMLReporter -->
<testsuite ignored="0" hostname="LAPTOP-5V942OGD" failures="0" tests="3" name="Test" time="29.462" errors="0" timestamp="2024-11-21T19:35:37 IST">
  <testcase classname="testCases.TC_001_AccountRegestration" name="accountRegestrations" time="1.811"/>
  <testcase classname="testCases.TC_002_LoginTest" name="loginTest" time="1.382"/>
  <testcase classname="testCases.TC_004_Software" name="test_Software" time="10.606"/>
</testsuite> <!-- Test -->
