<?xml version="1.0" encoding="UTF-8"?>
<testng-results ignored="0" total="2" passed="2" failed="0" skipped="0">
  <reporter-output>
  </reporter-output>
  <suite started-at="2024-11-21T07:25:47 IST" name="Suite" finished-at="2024-11-21T07:26:01 IST" duration-ms="13853">
    <groups>
      <group name="Sanity">
        <method signature="TC_001_AccountRegestration.accountRegestrations()[pri:0, instance:testCases.TC_001_AccountRegestration@7e5d9a50]" name="accountRegestrations" class="testCases.TC_001_AccountRegestration"/>
      </group> <!-- Sanity -->
      <group name="Regression">
        <method signature="TC_002_LoginTest.loginTest()[pri:0, instance:testCases.TC_002_LoginTest@2dd29a59]" name="loginTest" class="testCases.TC_002_LoginTest"/>
      </group> <!-- Regression -->
    </groups>
    <test started-at="2024-11-21T07:25:47 IST" name="Test" finished-at="2024-11-21T07:26:01 IST" duration-ms="13853">
      <class name="testCases.TC_002_LoginTest">
        <test-method is-config="true" signature="setup(java.lang.String,java.lang.String)[pri:0, instance:testCases.TC_002_LoginTest@2dd29a59]" started-at="2024-11-21T07:25:55 IST" name="setup" finished-at="2024-11-21T07:25:59 IST" duration-ms="3986" status="PASS">
          <params>
            <param index="0">
              <value>
                <![CDATA[Windows]]>
              </value>
            </param>
            <param index="1">
              <value>
                <![CDATA[chrome]]>
              </value>
            </param>
          </params>
          <reporter-output>
          </reporter-output>
        </test-method> <!-- setup -->
        <test-method signature="loginTest()[pri:0, instance:testCases.TC_002_LoginTest@2dd29a59]" started-at="2024-11-21T07:25:59 IST" name="loginTest" finished-at="2024-11-21T07:26:01 IST" duration-ms="2235" status="PASS">
          <reporter-output>
          </reporter-output>
        </test-method> <!-- loginTest -->
        <test-method is-config="true" signature="tearDown()[pri:0, instance:testCases.TC_002_LoginTest@2dd29a59]" started-at="2024-11-21T07:26:01 IST" name="tearDown" finished-at="2024-11-21T07:26:01 IST" duration-ms="307" status="PASS">
          <reporter-output>
          </reporter-output>
        </test-method> <!-- tearDown -->
      </class> <!-- testCases.TC_002_LoginTest -->
      <class name="testCases.TC_001_AccountRegestration">
        <test-method is-config="true" signature="setup(java.lang.String,java.lang.String)[pri:0, instance:testCases.TC_001_AccountRegestration@7e5d9a50]" started-at="2024-11-21T07:25:48 IST" name="setup" finished-at="2024-11-21T07:25:52 IST" duration-ms="4765" status="PASS">
          <params>
            <param index="0">
              <value>
                <![CDATA[Windows]]>
              </value>
            </param>
            <param index="1">
              <value>
                <![CDATA[chrome]]>
              </value>
            </param>
          </params>
          <reporter-output>
          </reporter-output>
        </test-method> <!-- setup -->
        <test-method signature="accountRegestrations()[pri:0, instance:testCases.TC_001_AccountRegestration@7e5d9a50]" started-at="2024-11-21T07:25:52 IST" name="accountRegestrations" finished-at="2024-11-21T07:25:54 IST" duration-ms="2082" status="PASS">
          <reporter-output>
          </reporter-output>
        </test-method> <!-- accountRegestrations -->
        <test-method is-config="true" signature="tearDown()[pri:0, instance:testCases.TC_001_AccountRegestration@7e5d9a50]" started-at="2024-11-21T07:25:54 IST" name="tearDown" finished-at="2024-11-21T07:25:55 IST" duration-ms="304" status="PASS">
          <reporter-output>
          </reporter-output>
        </test-method> <!-- tearDown -->
      </class> <!-- testCases.TC_001_AccountRegestration -->
    </test> <!-- Test -->
  </suite> <!-- Suite -->
</testng-results>
