<?xml version="1.0" encoding="UTF-8"?>
<testng-results ignored="0" total="2" passed="2" failed="0" skipped="0">
  <reporter-output>
  </reporter-output>
  <suite started-at="2024-11-20T15:35:17 IST" name="Suite" finished-at="2024-11-20T15:35:34 IST" duration-ms="16706">
    <groups>
      <group name="Sanity">
        <method signature="TC_001_AccountRegestration.accountRegestrations()[pri:0, instance:testCases.TC_001_AccountRegestration@37f21974]" name="accountRegestrations" class="testCases.TC_001_AccountRegestration"/>
      </group> <!-- Sanity -->
      <group name="Regression">
        <method signature="TC_002_LoginTest.loginTest()[pri:0, instance:testCases.TC_002_LoginTest@4ef27d66]" name="loginTest" class="testCases.TC_002_LoginTest"/>
      </group> <!-- Regression -->
    </groups>
    <test started-at="2024-11-20T15:35:17 IST" name="Test" finished-at="2024-11-20T15:35:34 IST" duration-ms="16706">
      <class name="testCases.TC_002_LoginTest">
        <test-method is-config="true" signature="setup(java.lang.String,java.lang.String)[pri:0, instance:testCases.TC_002_LoginTest@4ef27d66]" started-at="2024-11-20T15:35:27 IST" name="setup" finished-at="2024-11-20T15:35:32 IST" duration-ms="5383" status="PASS">
          <params>
            <param index="0">
              <value>
                <![CDATA[Windows]]>
              </value>
            </param>
            <param index="1">
              <value>
                <![CDATA[chrome]]>
              </value>
            </param>
          </params>
          <reporter-output>
          </reporter-output>
        </test-method> <!-- setup -->
        <test-method signature="loginTest()[pri:0, instance:testCases.TC_002_LoginTest@4ef27d66]" started-at="2024-11-20T15:35:32 IST" name="loginTest" finished-at="2024-11-20T15:35:34 IST" duration-ms="1491" status="PASS">
          <reporter-output>
          </reporter-output>
        </test-method> <!-- loginTest -->
        <test-method is-config="true" signature="tearDown()[pri:0, instance:testCases.TC_002_LoginTest@4ef27d66]" started-at="2024-11-20T15:35:34 IST" name="tearDown" finished-at="2024-11-20T15:35:34 IST" duration-ms="183" status="PASS">
          <reporter-output>
          </reporter-output>
        </test-method> <!-- tearDown -->
      </class> <!-- testCases.TC_002_LoginTest -->
      <class name="testCases.TC_001_AccountRegestration">
        <test-method is-config="true" signature="setup(java.lang.String,java.lang.String)[pri:0, instance:testCases.TC_001_AccountRegestration@37f21974]" started-at="2024-11-20T15:35:18 IST" name="setup" finished-at="2024-11-20T15:35:25 IST" duration-ms="7011" status="PASS">
          <params>
            <param index="0">
              <value>
                <![CDATA[Windows]]>
              </value>
            </param>
            <param index="1">
              <value>
                <![CDATA[chrome]]>
              </value>
            </param>
          </params>
          <reporter-output>
          </reporter-output>
        </test-method> <!-- setup -->
        <test-method signature="accountRegestrations()[pri:0, instance:testCases.TC_001_AccountRegestration@37f21974]" started-at="2024-11-20T15:35:25 IST" name="accountRegestrations" finished-at="2024-11-20T15:35:27 IST" duration-ms="2113" status="PASS">
          <reporter-output>
          </reporter-output>
        </test-method> <!-- accountRegestrations -->
        <test-method is-config="true" signature="tearDown()[pri:0, instance:testCases.TC_001_AccountRegestration@37f21974]" started-at="2024-11-20T15:35:27 IST" name="tearDown" finished-at="2024-11-20T15:35:27 IST" duration-ms="258" status="PASS">
          <reporter-output>
          </reporter-output>
        </test-method> <!-- tearDown -->
      </class> <!-- testCases.TC_001_AccountRegestration -->
    </test> <!-- Test -->
  </suite> <!-- Suite -->
</testng-results>
